  MyForm.cpp
c:\users\ningaro\documents\github\arrayapp\MyForm.h(471): warning C4018: <: несоответствие типов со знаком и без знака
c:\users\ningaro\documents\github\arrayapp\MyForm.h(492): warning C4018: <: несоответствие типов со знаком и без знака
c:\users\ningaro\documents\github\arrayapp\MyForm.h(494): warning C4244: =: преобразование "wchar_t" в "char", возможна потеря данных
c:\users\ningaro\documents\github\arrayapp\MyForm.h(502): warning C4018: <: несоответствие типов со знаком и без знака
c:\users\ningaro\documents\github\arrayapp\MyForm.h(518): warning C4018: <: несоответствие типов со знаком и без знака
c:\users\ningaro\documents\github\arrayapp\MyForm.h(531): warning C4018: <: несоответствие типов со знаком и без знака
c:\users\ningaro\documents\github\arrayapp\MyForm.h(540): warning C4018: <: несоответствие типов со знаком и без знака
c:\users\ningaro\documents\github\arrayapp\MyForm.h(550): warning C4018: <: несоответствие типов со знаком и без знака
c:\users\ningaro\documents\github\arrayapp\MyForm.h(559): warning C4018: <: несоответствие типов со знаком и без знака
c:\users\ningaro\documents\github\arrayapp\MyForm.h(567): warning C4018: <: несоответствие типов со знаком и без знака
c:\users\ningaro\documents\github\arrayapp\MyForm.h(574): warning C4018: <: несоответствие типов со знаком и без знака
c:\users\ningaro\documents\github\arrayapp\MyForm.h(581): warning C4018: <: несоответствие типов со знаком и без знака
c:\users\ningaro\documents\github\arrayapp\MyForm.h(594): warning C4018: <: несоответствие типов со знаком и без знака
c:\users\ningaro\documents\github\arrayapp\MyForm.h(602): warning C4018: <: несоответствие типов со знаком и без знака
c:\users\ningaro\documents\github\arrayapp\MyForm.h(615): warning C4018: <: несоответствие типов со знаком и без знака
c:\users\ningaro\documents\github\arrayapp\MyForm.h(656): warning C4244: инициализация: преобразование "wchar_t" в "char", возможна потеря данных
c:\users\ningaro\documents\github\arrayapp\MyForm.h(660): warning C4244: =: преобразование "wchar_t" в "char", возможна потеря данных
MyForm.cpp(7): warning C4829: Возможно, неправильные параметры функции main. Рекомендуемый вариант - "int main(Platform::Array<Platform::String^>^ argv)"
  MyForm.obj : /DEBUG:FASTLINK не поддерживается, если присутствует управляемый код; выполняется перезапуск компоновки с /DEBUG:FULL
  ArrayApp.vcxproj -> C:\Users\Ningaro\Documents\GitHub\ArrayApp\Debug\ArrayApp.exe
  ArrayApp.vcxproj -> C:\Users\Ningaro\Documents\GitHub\ArrayApp\Debug\ArrayApp.pdb (Partial PDB)
